<?xml version="1.0" encoding="UTF-8"?>
<testng-results ignored="0" total="1" passed="1" failed="0" skipped="0">
  <reporter-output>
  </reporter-output>
  <suite started-at="2024-03-07T01:53:15 EET" name="Default suite" finished-at="2024-03-07T01:53:56 EET" duration-ms="41223">
    <groups>
    </groups>
    <test started-at="2024-03-07T01:53:15 EET" name="Default test" finished-at="2024-03-07T01:53:56 EET" duration-ms="41223">
      <class name="newTestCaseAlmosaferWeb.myTestCases">
        <test-method is-config="true" signature="beforeTest()[pri:0, instance:newTestCaseAlmosaferWeb.myTestCases@64ba3208]" started-at="2024-03-07T01:53:15 EET" name="beforeTest" finished-at="2024-03-07T01:53:19 EET" duration-ms="4116" status="PASS">
          <reporter-output>
          </reporter-output>
        </test-method> <!-- beforeTest -->
        <test-method signature="myTest()[pri:0, instance:newTestCaseAlmosaferWeb.myTestCases@64ba3208]" started-at="2024-03-07T01:53:19 EET" name="myTest" finished-at="2024-03-07T01:53:56 EET" duration-ms="37061" status="PASS">
          <reporter-output>
          </reporter-output>
        </test-method> <!-- myTest -->
        <test-method is-config="true" signature="postTest()[pri:0, instance:newTestCaseAlmosaferWeb.myTestCases@64ba3208]" started-at="2024-03-07T01:53:56 EET" name="postTest" finished-at="2024-03-07T01:53:56 EET" duration-ms="1" status="PASS">
          <reporter-output>
          </reporter-output>
        </test-method> <!-- postTest -->
      </class> <!-- newTestCaseAlmosaferWeb.myTestCases -->
    </test> <!-- Default test -->
  </suite> <!-- Default suite -->
</testng-results>
